生成启动时间为 2015/5/25 22:53:42。
     1>项目“D:\15pb\new\20150522Dasm\Dasm20150522\Dasm20150522.vcxproj”在节点 2 上(Build 个目标)。
     1>ClCompile:
         C:\Program Files (x86)\Microsoft Visual Studio 11.0\VC\bin\CL.exe /c /ZI /nologo /W3 /WX- /sdl /Od /Oy- /D WIN32 /D _DEBUG /D _CONSOLE /D _UNICODE /D UNICODE /Gm /EHsc /RTC1 /MDd /GS /fp:precise /Zc:wchar_t /Zc:forScope /Yc"stdafx.h" /Fp"Debug\Dasm20150522.pch" /Fo"Debug\\" /Fd"Debug\vc110.pdb" /Gd /TP /analyze- /errorReport:prompt stdafx.cpp
         stdafx.cpp
         C:\Program Files (x86)\Microsoft Visual Studio 11.0\VC\bin\CL.exe /c /ZI /nologo /W3 /WX- /sdl /Od /Oy- /D WIN32 /D _DEBUG /D _CONSOLE /D _UNICODE /D UNICODE /Gm /EHsc /RTC1 /MDd /GS /fp:precise /Zc:wchar_t /Zc:forScope /Yu"stdafx.h" /Fp"Debug\Dasm20150522.pch" /Fo"Debug\\" /Fd"Debug\vc110.pdb" /Gd /TP /analyze- /errorReport:prompt Dasm.cpp Dasm20150522.cpp Interface.cpp Logic.cpp
         Logic.cpp
         Interface.cpp
         Dasm20150522.cpp
         Dasm.cpp
         正在生成代码...
       Link:
         C:\Program Files (x86)\Microsoft Visual Studio 11.0\VC\bin\link.exe /ERRORREPORT:PROMPT /OUT:"D:\15pb\new\20150522Dasm\Debug\Dasm20150522.exe" /INCREMENTAL /NOLOGO kernel32.lib user32.lib gdi32.lib winspool.lib comdlg32.lib advapi32.lib shell32.lib ole32.lib oleaut32.lib uuid.lib odbc32.lib odbccp32.lib /MANIFEST /MANIFESTUAC:"level='asInvoker' uiAccess='false'" /manifest:embed /DEBUG /PDB:"D:\15pb\new\20150522Dasm\Debug\Dasm20150522.pdb" /SUBSYSTEM:CONSOLE /TLBID:1 /DYNAMICBASE /NXCOMPAT /IMPLIB:"D:\15pb\new\20150522Dasm\Debug\Dasm20150522.lib" /MACHINE:X86 Debug\Dasm.obj
         Debug\Dasm20150522.obj
         Debug\Interface.obj
         Debug\Logic.obj
         Debug\stdafx.obj
         Dasm20150522.vcxproj -> D:\15pb\new\20150522Dasm\Debug\Dasm20150522.exe
     1>已完成生成项目“D:\15pb\new\20150522Dasm\Dasm20150522\Dasm20150522.vcxproj”(Build 个目标)的操作。

生成成功。

已用时间 00:00:07.28
